<?xml version="1.0" encoding="UTF-8"?>
<testng-results skipped="2" failed="0" total="2" passed="0">
  <reporter-output>
  </reporter-output>
  <suite name="Default suite" duration-ms="67" started-at="2017-02-23T05:40:37Z" finished-at="2017-02-23T05:40:37Z">
    <groups>
    </groups>
    <test name="Default test" duration-ms="67" started-at="2017-02-23T05:40:37Z" finished-at="2017-02-23T05:40:37Z">
      <class name="completeProject.CrossBrowserConfig">
        <test-method status="FAIL" signature="multipleBrowserTest(java.lang.String)[pri:0, instance:completeProject.CrossBrowserConfig@5f375618]" name="multipleBrowserTest" is-config="true" duration-ms="0" started-at="2017-02-23T00:40:37Z" finished-at="2017-02-23T00:40:37Z">
          <exception class="org.testng.TestNGException">
            <message>
              <![CDATA[
Parameter 'bro' is required by @Configuration on method multipleBrowserTest but has not been marked @Optional or defined
in /private/var/folders/l6/rcm3cnfx4k528dhn_g7zdscr0000gn/T/testng-eclipse-1497096643/testng-customsuite.xml]]>
            </message>
            <full-stacktrace>
              <![CDATA[org.testng.TestNGException: 
Parameter 'bro' is required by @Configuration on method multipleBrowserTest but has not been marked @Optional or defined
in /private/var/folders/l6/rcm3cnfx4k528dhn_g7zdscr0000gn/T/testng-eclipse-1497096643/testng-customsuite.xml
	at org.testng.internal.Parameters.createParameters(Parameters.java:155)
	at org.testng.internal.Parameters.createParameters(Parameters.java:355)
	at org.testng.internal.Parameters.createConfigurationParameters(Parameters.java:86)
	at org.testng.internal.Invoker.invokeConfigurations(Invoker.java:199)
	at org.testng.internal.Invoker.invokeMethod(Invoker.java:653)
	at org.testng.internal.Invoker.invokeTestMethod(Invoker.java:901)
	at org.testng.internal.Invoker.invokeTestMethods(Invoker.java:1231)
	at org.testng.internal.TestMethodWorker.invokeTestMethods(TestMethodWorker.java:127)
	at org.testng.internal.TestMethodWorker.run(TestMethodWorker.java:111)
	at org.testng.TestRunner.privateRun(TestRunner.java:767)
	at org.testng.TestRunner.run(TestRunner.java:617)
	at org.testng.SuiteRunner.runTest(SuiteRunner.java:334)
	at org.testng.SuiteRunner.runSequentially(SuiteRunner.java:329)
	at org.testng.SuiteRunner.privateRun(SuiteRunner.java:291)
	at org.testng.SuiteRunner.run(SuiteRunner.java:240)
	at org.testng.SuiteRunnerWorker.runSuite(SuiteRunnerWorker.java:52)
	at org.testng.SuiteRunnerWorker.run(SuiteRunnerWorker.java:86)
	at org.testng.TestNG.runSuitesSequentially(TestNG.java:1198)
	at org.testng.TestNG.runSuitesLocally(TestNG.java:1123)
	at org.testng.TestNG.run(TestNG.java:1031)
	at org.testng.remote.AbstractRemoteTestNG.run(AbstractRemoteTestNG.java:132)
	at org.testng.remote.RemoteTestNG.initAndRun(RemoteTestNG.java:236)
	at org.testng.remote.RemoteTestNG.main(RemoteTestNG.java:81)
]]>
            </full-stacktrace>
          </exception> <!-- org.testng.TestNGException -->
          <reporter-output>
          </reporter-output>
        </test-method> <!-- multipleBrowserTest -->
        <test-method status="SKIP" signature="clckSubmit()[pri:0, instance:completeProject.CrossBrowserConfig@5f375618]" name="clckSubmit" duration-ms="8" started-at="2017-02-23T00:40:37Z" finished-at="2017-02-23T00:40:37Z">
          <reporter-output>
          </reporter-output>
        </test-method> <!-- clckSubmit -->
        <test-method status="SKIP" signature="quitBrowser()[pri:0, instance:completeProject.CrossBrowserConfig@5f375618]" name="quitBrowser" is-config="true" duration-ms="0" started-at="2017-02-23T00:40:37Z" finished-at="2017-02-23T00:40:37Z">
          <reporter-output>
          </reporter-output>
        </test-method> <!-- quitBrowser -->
        <test-method status="SKIP" signature="multipleBrowserTest(java.lang.String)[pri:0, instance:completeProject.CrossBrowserConfig@5f375618]" name="multipleBrowserTest" is-config="true" duration-ms="0" started-at="2017-02-23T00:40:37Z" finished-at="2017-02-23T00:40:37Z">
          <reporter-output>
          </reporter-output>
        </test-method> <!-- multipleBrowserTest -->
        <test-method status="SKIP" signature="loginTest()[pri:0, instance:completeProject.CrossBrowserConfig@5f375618]" name="loginTest" duration-ms="1" started-at="2017-02-23T00:40:37Z" finished-at="2017-02-23T00:40:37Z">
          <reporter-output>
          </reporter-output>
        </test-method> <!-- loginTest -->
        <test-method status="SKIP" signature="quitBrowser()[pri:0, instance:completeProject.CrossBrowserConfig@5f375618]" name="quitBrowser" is-config="true" duration-ms="0" started-at="2017-02-23T00:40:37Z" finished-at="2017-02-23T00:40:37Z">
          <reporter-output>
          </reporter-output>
        </test-method> <!-- quitBrowser -->
      </class> <!-- completeProject.CrossBrowserConfig -->
    </test> <!-- Default test -->
  </suite> <!-- Default suite -->
</testng-results>
